This is TeX, Version 3.14159 (Web2C 7.3.1) (format=latex 2000.3.7)  27 MAY 2002 16:18
**SG-Classes.tex
(SG-Classes.tex
LaTeX2e <1998/12/01> patch level 1
Babel <v3.6x> and hyphenation patterns for american, french, german, ngerman, i
talian, nohyphenation, loaded.
(/usr/share/texmf/tex/latex/base/article.cls
Document Class: article 1999/01/07 v1.4a Standard LaTeX document class
(/usr/share/texmf/tex/latex/base/size10.clo
File: size10.clo 1999/01/07 v1.4a Standard LaTeX file (size option)
)
\c@part=\count79
\c@section=\count80
\c@subsection=\count81
\c@subsubsection=\count82
\c@paragraph=\count83
\c@subparagraph=\count84
\c@figure=\count85
\c@table=\count86
\abovecaptionskip=\skip41
\belowcaptionskip=\skip42
\bibindent=\dimen102
)
(/usr/share/texmf/tex/latex/graphics/graphicx.sty
Package: graphicx 1999/02/16 v1.0f Enhanced LaTeX Graphics (DPC,SPQR)

(/usr/share/texmf/tex/latex/graphics/keyval.sty
Package: keyval 1999/03/16 v1.13 key=value parser (DPC)
\KV@toks@=\toks14
)
(/usr/share/texmf/tex/latex/graphics/graphics.sty
Package: graphics 1999/02/16 v1.0l Standard LaTeX Graphics (DPC,SPQR)

(/usr/share/texmf/tex/latex/graphics/trig.sty
Package: trig 1999/03/16 v1.09 sin cos tan (DPC)
)
(/usr/share/texmf/tex/latex/config/graphics.cfg)
Package graphics Info: Driver file: dvips.def on input line 80.

(/usr/share/texmf/tex/latex/graphics/dvips.def
File: dvips.def 1999/02/16 v3.0i Driver-dependant file (DPC,SPQR)
))
\Gin@req@height=\dimen103
\Gin@req@width=\dimen104
)
(/usr/share/texmf/tex/latex/misc/geometry.sty
Package: geometry 1998/04/08 v2.0a Page Geometry
\geom@cnth=\count87
\geom@cntv=\count88

(/usr/share/texmf/tex/latex/config/geometry.cfg)) (SG-Classes.aux)
\openout1 = `SG-Classes.aux'.

LaTeX Font Info:    Checking defaults for OML/cmm/m/it on input line 9.
LaTeX Font Info:    ... okay on input line 9.
LaTeX Font Info:    Checking defaults for T1/cmr/m/n on input line 9.
LaTeX Font Info:    ... okay on input line 9.
LaTeX Font Info:    Checking defaults for OT1/cmr/m/n on input line 9.
LaTeX Font Info:    ... okay on input line 9.
LaTeX Font Info:    Checking defaults for OMS/cmsy/m/n on input line 9.
LaTeX Font Info:    ... okay on input line 9.
LaTeX Font Info:    Checking defaults for OMX/cmex/m/n on input line 9.
LaTeX Font Info:    ... okay on input line 9.
LaTeX Font Info:    Checking defaults for U/cmr/m/n on input line 9.
LaTeX Font Info:    ... okay on input line 9.
File: SG-MakerClasses.eps Graphic file (type eps)

<SG-MakerClasses.eps> [1

]
File: SG-SupportClasses.eps Graphic file (type eps)
 <SG-SupportClasses.eps> [2]
File: SG-GraphClasses.eps Graphic file (type eps)
 <SG-GraphClasses.eps>
[3]
File: SG-Flow.eps Graphic file (type eps)
 <SG-Flow.eps>
Overfull \hbox (160.75073pt too wide) in paragraph at lines 16--17
[][] 
 []

[4] (SG-Classes.aux) ) 
Here is how much of TeX's memory you used:
 694 strings out of 10898
 8649 string characters out of 96882
 53759 words of memory out of 263001
 3677 multiletter control sequences out of 10000+0
 3640 words of font info for 14 fonts, out of 400000 for 1000
 14 hyphenation exceptions out of 1000
 25i,4n,19p,208b,161s stack positions out of 300i,100n,500p,50000b,4000s

Output written on SG-Classes.dvi (4 pages, 1212 bytes).
